2019-07-02 16:05:22 [main] INFO  Log:25 - In Tc1
2019-07-02 16:08:14 [main] INFO  Log:25 - In Tc1
2019-07-02 16:14:31 [main] INFO  Log:25 - In Tc1
2019-07-02 16:14:31 [main] INFO  Log:25 - This is info message
2019-07-02 16:14:31 [main] ERROR Log:36 - This is error message
2019-07-02 16:14:31 [main] FATAL Log:41 - This is fatal 
2019-07-02 16:14:31 [main] WARN  Log:30 - This is warn message
2019-07-02 16:17:10 [main] INFO  Log:25 - In Tc1
2019-07-02 16:17:10 [main] INFO  Log:25 - This is info message
2019-07-02 16:17:10 [main] ERROR Log:36 - This is error message
2019-07-02 16:17:10 [main] FATAL Log:41 - This is fatal 
2019-07-02 16:17:10 [main] WARN  Log:30 - This is warn message
2019-07-02 16:17:29 [main] INFO  Log:15 - Test is Starting...
2019-07-02 16:17:29 [main] INFO  Log:25 - In Tc1
2019-07-02 16:17:29 [main] INFO  Log:25 - This is info message
2019-07-02 16:17:29 [main] ERROR Log:36 - This is error message
2019-07-02 16:17:29 [main] FATAL Log:41 - This is fatal 
2019-07-02 16:17:29 [main] WARN  Log:30 - This is warn message
2019-07-02 16:17:29 [main] INFO  Log:20 - Test is Ending...
2019-07-02 16:18:51 [main] INFO  Log:15 - Test is Starting...
2019-07-02 16:18:51 [main] INFO  Log:25 - In Tc1
2019-07-02 16:18:51 [main] INFO  Log:25 - This is info message
2019-07-02 16:18:51 [main] ERROR Log:36 - This is error message
2019-07-02 16:18:51 [main] FATAL Log:41 - This is fatal 
2019-07-02 16:18:51 [main] WARN  Log:30 - This is warn message
2019-07-02 16:18:51 [main] INFO  Log:20 - Test is Ending...
2019-07-02 16:19:11 [main] INFO  Log:15 - Test is Starting...
2019-07-02 16:19:11 [main] INFO  Log:25 - In Tc1
2019-07-02 16:19:11 [main] INFO  Log:25 - This is info message
2019-07-02 16:19:11 [main] ERROR Log:36 - This is error message
2019-07-02 16:19:11 [main] FATAL Log:41 - This is fatal 
2019-07-02 16:19:11 [main] WARN  Log:30 - This is warn message
2019-07-02 16:19:11 [main] INFO  Log:20 - Test is Ending...
2019-07-02 16:21:52 [main] INFO  Log:35 - Starting Automation: Loading the Configuration Properties
2019-07-02 16:21:52 [main] INFO  Log:16 - ****************************************************************************************
2019-07-02 16:21:52 [main] INFO  Log:18 - ****************************************************************************************
2019-07-02 16:21:52 [main] INFO  Log:20 - $$$$$$$$$$$$$$$$$$$$$                 TC1       $$$$$$$$$$$$$$$$$$$$$$$$$
2019-07-02 16:21:52 [main] INFO  Log:22 - ****************************************************************************************
2019-07-02 16:21:52 [main] INFO  Log:24 - ****************************************************************************************
2019-07-02 16:21:52 [main] INFO  Log:35 - In Tc1
2019-07-02 16:21:52 [main] INFO  Log:35 - This is info message
2019-07-02 16:21:52 [main] ERROR Log:46 - This is error message
2019-07-02 16:21:52 [main] FATAL Log:51 - This is fatal 
2019-07-02 16:21:52 [main] WARN  Log:40 - This is warn message
2019-07-02 16:21:52 [main] INFO  Log:30 - Test is Ending...
2019-07-02 16:23:23 [main] INFO  Log:35 - Starting Automation: Loading the Configuration Properties
2019-07-02 16:23:23 [main] INFO  Log:16 - ****************************************************************************************
2019-07-02 16:23:23 [main] INFO  Log:18 - ****************************************************************************************
2019-07-02 16:23:23 [main] INFO  Log:20 -                                       TC1                                 
2019-07-02 16:23:23 [main] INFO  Log:22 - ****************************************************************************************
2019-07-02 16:23:23 [main] INFO  Log:24 - ****************************************************************************************
2019-07-02 16:23:23 [main] INFO  Log:35 - In Tc1
2019-07-02 16:23:23 [main] INFO  Log:35 - This is info message
2019-07-02 16:23:23 [main] ERROR Log:46 - This is error message
2019-07-02 16:23:23 [main] FATAL Log:51 - This is fatal 
2019-07-02 16:23:23 [main] WARN  Log:40 - This is warn message
2019-07-02 16:23:23 [main] INFO  Log:30 - Test is Ending...
2019-07-02 16:26:10 [main] INFO  Log:35 - Starting Automation: Loading the Configuration Properties
2019-07-02 16:26:10 [main] INFO  Log:16 - ****************************************************************************************
2019-07-02 16:26:10 [main] INFO  Log:18 - ****************************************************************************************
2019-07-02 16:26:10 [main] INFO  Log:20 -                                       TC1                                 
2019-07-02 16:26:10 [main] INFO  Log:22 - ****************************************************************************************
2019-07-02 16:26:10 [main] INFO  Log:24 - ****************************************************************************************
2019-07-02 16:26:10 [main] INFO  Log:35 - In Tc1
2019-07-02 16:26:10 [main] INFO  Log:35 - This is info message
2019-07-02 16:26:10 [main] ERROR Log:46 - This is error message
2019-07-02 16:26:10 [main] FATAL Log:51 - This is fatal 
2019-07-02 16:26:10 [main] WARN  Log:40 - This is warn message
2019-07-02 16:26:10 [main] INFO  Log:30 - Test is Ending...
2019-07-02 16:54:34 [main] INFO  Log:35 - Starting Automation: Loading the Configuration Properties
2019-07-02 16:56:21 [main] INFO  Log:35 - Starting Automation: Loading the Configuration Properties
2019-07-02 16:56:32 [main] INFO  Log:35 - Starting Automation: Loading the Configuration Properties
2019-07-02 16:56:32 [main] INFO  Log:35 - Config file is loaded
2019-07-02 17:00:36 [main] INFO  Log:35 - Starting Automation: Loading the Configuration Properties
2019-07-02 17:00:36 [main] INFO  Log:35 - Config file is loaded
2019-07-02 17:03:57 [main] INFO  Log:35 - Starting Automation: Loading the Configuration Properties
2019-07-02 17:03:57 [main] INFO  Log:35 - Config file is loaded
2019-07-02 17:06:04 [main] INFO  Log:35 - Starting Automation: Loading the Configuration Properties
2019-07-02 17:06:04 [main] INFO  Log:35 - Config file is loaded
2019-07-02 17:06:10 [main] INFO  Log:35 - navigating to :-http://automationpractice.com
2019-07-02 17:06:22 [main] INFO  Log:16 - ****************************************************************************************
2019-07-02 17:06:22 [main] INFO  Log:18 - ****************************************************************************************
2019-07-02 17:06:22 [main] INFO  Log:20 -                                       TC1                                 
2019-07-02 17:06:22 [main] INFO  Log:22 - ****************************************************************************************
2019-07-02 17:06:22 [main] INFO  Log:24 - ****************************************************************************************
2019-07-02 17:06:22 [main] INFO  Log:35 - In Tc1
2019-07-02 17:06:22 [main] INFO  Log:35 - This is info message
2019-07-02 17:06:22 [main] ERROR Log:46 - This is error message
2019-07-02 17:06:22 [main] FATAL Log:51 - This is fatal 
2019-07-02 17:06:22 [main] WARN  Log:40 - This is warn message
2019-07-02 17:06:22 [main] INFO  Log:30 - Test is Ending...
2019-07-02 17:06:42 [main] INFO  Log:35 - Starting Automation: Loading the Configuration Properties
2019-07-02 17:06:42 [main] INFO  Log:35 - Config file is loaded
2019-07-02 17:06:46 [main] INFO  Log:35 - navigating to :-http://automationpractice.com
2019-07-02 17:06:56 [main] INFO  Log:16 - ****************************************************************************************
2019-07-02 17:06:56 [main] INFO  Log:18 - ****************************************************************************************
2019-07-02 17:06:56 [main] INFO  Log:20 -                                       TC1                                 
2019-07-02 17:06:56 [main] INFO  Log:22 - ****************************************************************************************
2019-07-02 17:06:56 [main] INFO  Log:24 - ****************************************************************************************
2019-07-02 17:06:56 [main] INFO  Log:35 - In Tc1
2019-07-02 17:06:56 [main] INFO  Log:35 - This is info message
2019-07-02 17:06:56 [main] ERROR Log:46 - This is error message
2019-07-02 17:06:56 [main] FATAL Log:51 - This is fatal 
2019-07-02 17:06:56 [main] WARN  Log:40 - This is warn message
2019-07-02 17:06:56 [main] INFO  Log:30 - Test is Ending...
2019-07-02 17:14:53 [main] INFO  Log:35 - Starting Automation: Loading the Configuration Properties
2019-07-02 17:14:53 [main] INFO  Log:35 - Config file is loaded
2019-07-02 17:14:57 [main] INFO  Log:35 - navigating to :-http://automationpractice.com
2019-07-02 17:15:08 [main] INFO  Log:16 - ****************************************************************************************
2019-07-02 17:15:08 [main] INFO  Log:18 - ****************************************************************************************
2019-07-02 17:15:08 [main] INFO  Log:20 -                                       login                                 
2019-07-02 17:15:08 [main] INFO  Log:22 - ****************************************************************************************
2019-07-02 17:15:08 [main] INFO  Log:24 - ****************************************************************************************
2019-07-02 17:15:08 [main] INFO  Log:30 - Test is Ending...
2019-07-02 17:25:18 [main] INFO  Log:35 - Starting Automation: Loading the Configuration Properties
2019-07-02 17:25:18 [main] INFO  Log:35 - Config file is loaded
2019-07-02 17:25:26 [main] INFO  Log:35 - navigating to :-http://automationpractice.com
2019-07-02 17:25:34 [main] INFO  Log:16 - ****************************************************************************************
2019-07-02 17:25:34 [main] INFO  Log:18 - ****************************************************************************************
2019-07-02 17:25:34 [main] INFO  Log:20 -                                       login                                 
2019-07-02 17:25:34 [main] INFO  Log:22 - ****************************************************************************************
2019-07-02 17:25:34 [main] INFO  Log:24 - ****************************************************************************************
2019-07-02 17:25:34 [main] INFO  Log:35 - Signing with credentials: gtl_test@thegatewaycorp.com  and  Gtl@123
2019-07-02 17:25:40 [main] INFO  Log:30 - Test is Ending...
2019-07-02 17:32:09 [main] INFO  Log:35 - Starting Automation: Loading the Configuration Properties
2019-07-02 17:32:09 [main] INFO  Log:35 - Config file is loaded
2019-07-02 17:32:14 [main] INFO  Log:35 - navigating to :-http://automationpractice.com
2019-07-02 17:32:24 [main] INFO  Log:16 - ****************************************************************************************
2019-07-02 17:32:24 [main] INFO  Log:18 - ****************************************************************************************
2019-07-02 17:32:24 [main] INFO  Log:20 -                                       login                                 
2019-07-02 17:32:24 [main] INFO  Log:22 - ****************************************************************************************
2019-07-02 17:32:24 [main] INFO  Log:24 - ****************************************************************************************
2019-07-02 17:32:24 [main] INFO  Log:35 - Signing with credentials: gtl_test@thegatewaycorp.com  and  Gtl@123
2019-07-02 17:32:30 [main] INFO  Log:35 - Clicked on Signin
2019-07-02 17:32:30 [main] INFO  Log:30 - Test is Ending...
2019-07-02 17:39:46 [main] INFO  Log:35 - Starting Automation: Loading the Configuration Properties
2019-07-02 17:39:46 [main] INFO  Log:35 - Config file is loaded
2019-07-02 17:39:51 [main] INFO  Log:35 - navigating to :-http://automationpractice.com
2019-07-02 17:39:59 [main] INFO  Log:16 - ****************************************************************************************
2019-07-02 17:39:59 [main] INFO  Log:18 - ****************************************************************************************
2019-07-02 17:39:59 [main] INFO  Log:20 -                                       login                                 
2019-07-02 17:39:59 [main] INFO  Log:22 - ****************************************************************************************
2019-07-02 17:39:59 [main] INFO  Log:24 - ****************************************************************************************
2019-07-02 17:40:05 [main] INFO  Log:30 - Test is Ending...
2019-07-02 17:40:58 [main] INFO  Log:35 - Starting Automation: Loading the Configuration Properties
2019-07-02 17:40:58 [main] INFO  Log:35 - Config file is loaded
2019-07-02 17:41:03 [main] INFO  Log:35 - navigating to :-http://automationpractice.com
2019-07-02 17:41:11 [main] INFO  Log:16 - ****************************************************************************************
2019-07-02 17:41:11 [main] INFO  Log:18 - ****************************************************************************************
2019-07-02 17:41:11 [main] INFO  Log:20 -                                       login                                 
2019-07-02 17:41:11 [main] INFO  Log:22 - ****************************************************************************************
2019-07-02 17:41:11 [main] INFO  Log:24 - ****************************************************************************************
2019-07-02 17:55:29 [main] INFO  Log:35 - Starting Automation: Loading the Configuration Properties
2019-07-02 17:55:29 [main] INFO  Log:35 - Config file is loaded
2019-07-02 17:55:35 [main] INFO  Log:35 - navigating to :-http://automationpractice.com
2019-07-02 17:55:42 [main] INFO  Log:16 - ****************************************************************************************
2019-07-02 17:55:42 [main] INFO  Log:18 - ****************************************************************************************
2019-07-02 17:55:42 [main] INFO  Log:20 -                                       login                                 
2019-07-02 17:55:42 [main] INFO  Log:22 - ****************************************************************************************
2019-07-02 17:55:42 [main] INFO  Log:24 - ****************************************************************************************
2019-07-02 17:58:26 [main] INFO  Log:35 - Starting Automation: Loading the Configuration Properties
2019-07-02 17:58:26 [main] INFO  Log:35 - Config file is loaded
2019-07-02 17:58:31 [main] INFO  Log:35 - navigating to :-http://automationpractice.com
2019-07-02 17:58:38 [main] INFO  Log:16 - ****************************************************************************************
2019-07-02 17:58:38 [main] INFO  Log:18 - ****************************************************************************************
2019-07-02 17:58:38 [main] INFO  Log:20 -                                       login                                 
2019-07-02 17:58:38 [main] INFO  Log:22 - ****************************************************************************************
2019-07-02 17:58:38 [main] INFO  Log:24 - ****************************************************************************************
2019-07-02 18:05:31 [main] INFO  Log:35 - Starting Automation: Loading the Configuration Properties
2019-07-02 18:05:31 [main] INFO  Log:35 - Config file is loaded
2019-07-02 18:05:38 [main] INFO  Log:35 - navigating to :-http://automationpractice.com
2019-07-02 18:05:46 [main] INFO  Log:16 - ****************************************************************************************
2019-07-02 18:05:46 [main] INFO  Log:18 - ****************************************************************************************
2019-07-02 18:05:46 [main] INFO  Log:20 -                                       login                                 
2019-07-02 18:05:46 [main] INFO  Log:22 - ****************************************************************************************
2019-07-02 18:05:46 [main] INFO  Log:24 - ****************************************************************************************
2019-07-02 18:07:25 [main] INFO  Log:35 - Starting Automation: Loading the Configuration Properties
2019-07-02 18:07:25 [main] INFO  Log:35 - Config file is loaded
2019-07-02 18:07:30 [main] INFO  Log:35 - navigating to :-http://automationpractice.com
2019-07-02 18:07:39 [main] INFO  Log:16 - ****************************************************************************************
2019-07-02 18:07:39 [main] INFO  Log:18 - ****************************************************************************************
2019-07-02 18:07:39 [main] INFO  Log:20 -                                       login                                 
2019-07-02 18:07:39 [main] INFO  Log:22 - ****************************************************************************************
2019-07-02 18:07:39 [main] INFO  Log:24 - ****************************************************************************************
2019-07-02 18:07:46 [main] INFO  Log:35 - Signed in user is: Gtl GTL
2019-07-02 18:09:45 [main] INFO  Log:35 - Starting Automation: Loading the Configuration Properties
2019-07-02 18:09:45 [main] INFO  Log:35 - Config file is loaded
2019-07-02 18:09:49 [main] INFO  Log:35 - navigating to :-http://automationpractice.com
2019-07-02 18:10:03 [main] INFO  Log:16 - ****************************************************************************************
2019-07-02 18:10:03 [main] INFO  Log:18 - ****************************************************************************************
2019-07-02 18:10:03 [main] INFO  Log:20 -                                       login                                 
2019-07-02 18:10:03 [main] INFO  Log:22 - ****************************************************************************************
2019-07-02 18:10:03 [main] INFO  Log:24 - ****************************************************************************************
2019-07-02 18:11:20 [main] INFO  Log:35 - Starting Automation: Loading the Configuration Properties
2019-07-02 18:11:20 [main] INFO  Log:35 - Config file is loaded
2019-07-02 18:11:25 [main] INFO  Log:35 - navigating to :-http://automationpractice.com
2019-07-02 18:11:33 [main] INFO  Log:16 - ****************************************************************************************
2019-07-02 18:11:33 [main] INFO  Log:18 - ****************************************************************************************
2019-07-02 18:11:33 [main] INFO  Log:20 -                                       login                                 
2019-07-02 18:11:33 [main] INFO  Log:22 - ****************************************************************************************
2019-07-02 18:11:33 [main] INFO  Log:24 - ****************************************************************************************
2019-07-02 18:14:05 [main] INFO  Log:35 - Starting Automation: Loading the Configuration Properties
2019-07-02 18:14:05 [main] INFO  Log:35 - Config file is loaded
2019-07-02 18:14:10 [main] INFO  Log:35 - navigating to :-http://automationpractice.com
2019-07-02 18:14:17 [main] INFO  Log:16 - ****************************************************************************************
2019-07-02 18:14:17 [main] INFO  Log:18 - ****************************************************************************************
2019-07-02 18:14:17 [main] INFO  Log:20 -                                       login                                 
2019-07-02 18:14:17 [main] INFO  Log:22 - ****************************************************************************************
2019-07-02 18:14:17 [main] INFO  Log:24 - ****************************************************************************************
2019-07-02 18:14:23 [main] INFO  Log:35 - Signed in user is: Gtl GTL
2019-07-02 21:27:45 [main] INFO  Log:35 - Starting Automation: Loading the Configuration Properties
2019-07-02 21:27:45 [main] INFO  Log:35 - Config file is loaded
2019-07-02 21:27:50 [main] INFO  Log:35 - navigating to :-http://automationpractice.com
2019-07-02 21:28:00 [main] INFO  Log:16 - ****************************************************************************************
2019-07-02 21:28:00 [main] INFO  Log:18 - ****************************************************************************************
2019-07-02 21:28:00 [main] INFO  Log:20 -                                       login                                 
2019-07-02 21:28:00 [main] INFO  Log:22 - ****************************************************************************************
2019-07-02 21:28:00 [main] INFO  Log:24 - ****************************************************************************************
2019-07-02 21:31:05 [main] INFO  Log:35 - Starting Automation: Loading the Configuration Properties
2019-07-02 21:31:05 [main] INFO  Log:35 - Config file is loaded
2019-07-02 21:31:10 [main] INFO  Log:35 - navigating to :-http://automationpractice.com
2019-07-02 21:31:14 [main] INFO  Log:16 - ****************************************************************************************
2019-07-02 21:31:14 [main] INFO  Log:18 - ****************************************************************************************
2019-07-02 21:31:14 [main] INFO  Log:20 -                                       login                                 
2019-07-02 21:31:14 [main] INFO  Log:22 - ****************************************************************************************
2019-07-02 21:31:14 [main] INFO  Log:24 - ****************************************************************************************
2019-07-02 21:39:44 [main] INFO  Log:35 - Starting Automation: Loading the Configuration Properties
2019-07-02 21:39:44 [main] INFO  Log:35 - Config file is loaded
2019-07-02 21:39:48 [main] INFO  Log:35 - navigating to :-http://automationpractice.com
2019-07-02 21:39:59 [main] INFO  Log:16 - ****************************************************************************************
2019-07-02 21:39:59 [main] INFO  Log:18 - ****************************************************************************************
2019-07-02 21:39:59 [main] INFO  Log:20 -                                       login                                 
2019-07-02 21:39:59 [main] INFO  Log:22 - ****************************************************************************************
2019-07-02 21:39:59 [main] INFO  Log:24 - ****************************************************************************************
2019-07-02 21:40:21 [main] INFO  Log:35 - Starting Automation: Loading the Configuration Properties
2019-07-02 21:40:21 [main] INFO  Log:35 - Config file is loaded
2019-07-02 21:40:25 [main] INFO  Log:35 - navigating to :-http://automationpractice.com
2019-07-02 21:40:57 [main] INFO  Log:16 - ****************************************************************************************
2019-07-02 21:40:57 [main] INFO  Log:18 - ****************************************************************************************
2019-07-02 21:40:57 [main] INFO  Log:20 -                                       login                                 
2019-07-02 21:40:57 [main] INFO  Log:22 - ****************************************************************************************
2019-07-02 21:40:57 [main] INFO  Log:24 - ****************************************************************************************
2019-07-02 21:53:59 [main] INFO  Log:35 - Starting Automation: Loading the Configuration Properties
2019-07-02 21:53:59 [main] INFO  Log:35 - Config file is loaded
2019-07-02 21:54:02 [main] INFO  Log:35 - navigating to :-http://automationpractice.com
2019-07-02 21:54:18 [main] INFO  Log:16 - ****************************************************************************************
2019-07-02 21:54:18 [main] INFO  Log:18 - ****************************************************************************************
2019-07-02 21:54:18 [main] INFO  Log:20 -                                       login                                 
2019-07-02 21:54:18 [main] INFO  Log:22 - ****************************************************************************************
2019-07-02 21:54:18 [main] INFO  Log:24 - ****************************************************************************************
2019-07-02 21:55:16 [main] INFO  Log:35 - Starting Automation: Loading the Configuration Properties
2019-07-02 21:55:16 [main] INFO  Log:35 - Config file is loaded
2019-07-02 21:55:20 [main] INFO  Log:35 - navigating to :-http://automationpractice.com
2019-07-02 21:55:36 [main] INFO  Log:16 - ****************************************************************************************
2019-07-02 21:55:36 [main] INFO  Log:18 - ****************************************************************************************
2019-07-02 21:55:36 [main] INFO  Log:20 -                                       login                                 
2019-07-02 21:55:36 [main] INFO  Log:22 - ****************************************************************************************
2019-07-02 21:55:36 [main] INFO  Log:24 - ****************************************************************************************
2019-07-02 21:55:42 [main] INFO  Log:35 - Starting Automation: Loading the Configuration Properties
2019-07-02 21:55:42 [main] INFO  Log:35 - Config file is loaded
2019-07-02 21:55:48 [main] INFO  Log:35 - navigating to :-http://automationpractice.com
2019-07-02 21:55:50 [main] INFO  Log:16 - ****************************************************************************************
2019-07-02 21:55:50 [main] INFO  Log:18 - ****************************************************************************************
2019-07-02 21:55:50 [main] INFO  Log:20 -                                       login                                 
2019-07-02 21:55:50 [main] INFO  Log:22 - ****************************************************************************************
2019-07-02 21:55:50 [main] INFO  Log:24 - ****************************************************************************************
2019-07-02 22:03:46 [main] INFO  Log:35 - Starting Automation: Loading the Configuration Properties
2019-07-02 22:03:46 [main] INFO  Log:35 - Config file is loaded
2019-07-02 22:03:51 [main] INFO  Log:35 - navigating to :-http://automationpractice.com
2019-07-02 22:03:54 [main] INFO  Log:16 - ****************************************************************************************
2019-07-02 22:03:54 [main] INFO  Log:18 - ****************************************************************************************
2019-07-02 22:03:54 [main] INFO  Log:20 -                                       login                                 
2019-07-02 22:03:54 [main] INFO  Log:22 - ****************************************************************************************
2019-07-02 22:03:54 [main] INFO  Log:24 - ****************************************************************************************
2019-07-03 10:38:01 [main] INFO  Log:35 - Starting Automation: Loading the Configuration Properties
2019-07-03 10:38:01 [main] INFO  Log:35 - Config file is loaded
2019-07-03 10:38:06 [main] INFO  Log:35 - navigating to :-http://automationpractice.com
2019-07-03 10:38:14 [main] INFO  Log:16 - ****************************************************************************************
2019-07-03 10:38:14 [main] INFO  Log:18 - ****************************************************************************************
2019-07-03 10:38:14 [main] INFO  Log:20 -                                       login                                 
2019-07-03 10:38:14 [main] INFO  Log:22 - ****************************************************************************************
2019-07-03 10:38:14 [main] INFO  Log:24 - ****************************************************************************************
2019-07-03 11:03:02 [main] INFO  Log:35 - Starting Automation: Loading the Configuration Properties
2019-07-03 11:03:02 [main] INFO  Log:35 - Config file is loaded
2019-07-03 11:03:08 [main] INFO  Log:35 - navigating to :-http://automationpractice.com
2019-07-03 11:03:15 [main] INFO  Log:16 - ****************************************************************************************
2019-07-03 11:03:15 [main] INFO  Log:18 - ****************************************************************************************
2019-07-03 11:03:15 [main] INFO  Log:20 -                                       login                                 
2019-07-03 11:03:15 [main] INFO  Log:22 - ****************************************************************************************
2019-07-03 11:03:15 [main] INFO  Log:24 - ****************************************************************************************
2019-07-03 11:03:21 [main] INFO  Log:35 - Signed in user is: Gtl GTL
2019-07-03 11:54:42 [main] INFO  Log:35 - Starting Automation: Loading the Configuration Properties
2019-07-03 11:54:43 [main] INFO  Log:35 - Config file is loaded
2019-07-03 11:54:47 [main] INFO  Log:35 - navigating to :-http://automationpractice.com
2019-07-03 11:54:53 [main] INFO  Log:16 - ****************************************************************************************
2019-07-03 11:54:53 [main] INFO  Log:18 - ****************************************************************************************
2019-07-03 11:54:53 [main] INFO  Log:20 -                                       login                                 
2019-07-03 11:54:53 [main] INFO  Log:22 - ****************************************************************************************
2019-07-03 11:54:53 [main] INFO  Log:24 - ****************************************************************************************
2019-07-03 11:55:00 [main] INFO  Log:35 - Signed in user is: Gtl GTL
2019-07-03 12:00:09 [main] INFO  Log:35 - Starting Automation: Loading the Configuration Properties
2019-07-03 12:00:09 [main] INFO  Log:35 - Config file is loaded
2019-07-03 12:00:14 [main] INFO  Log:35 - navigating to :-http://automationpractice.com
2019-07-03 12:00:20 [main] INFO  Log:16 - ****************************************************************************************
2019-07-03 12:00:20 [main] INFO  Log:18 - ****************************************************************************************
2019-07-03 12:00:20 [main] INFO  Log:20 -                                       login                                 
2019-07-03 12:00:20 [main] INFO  Log:22 - ****************************************************************************************
2019-07-03 12:00:20 [main] INFO  Log:24 - ****************************************************************************************
2019-07-03 12:00:26 [main] INFO  Log:35 - Signed in user is: Gtl GTL
2019-07-03 12:38:25 [main] INFO  Log:35 - Starting Automation: Loading the Configuration Properties
2019-07-03 12:38:25 [main] INFO  Log:35 - Config file is loaded
2019-07-03 12:38:31 [main] INFO  Log:35 - navigating to :-http://automationpractice.com
2019-07-03 12:38:44 [main] INFO  Log:16 - ****************************************************************************************
2019-07-03 12:38:44 [main] INFO  Log:18 - ****************************************************************************************
2019-07-03 12:38:44 [main] INFO  Log:20 -                                       login                                 
2019-07-03 12:38:44 [main] INFO  Log:22 - ****************************************************************************************
2019-07-03 12:38:44 [main] INFO  Log:24 - ****************************************************************************************
2019-07-03 12:38:50 [main] INFO  Log:35 - Signed in user is: Gtl GTL
2019-07-03 12:42:25 [main] INFO  Log:35 - Starting Automation: Loading the Configuration Properties
2019-07-03 12:42:25 [main] INFO  Log:35 - Config file is loaded
2019-07-03 12:42:34 [main] INFO  Log:35 - navigating to :-http://automationpractice.com
2019-07-03 12:42:41 [main] INFO  Log:16 - ****************************************************************************************
2019-07-03 12:42:41 [main] INFO  Log:18 - ****************************************************************************************
2019-07-03 12:42:41 [main] INFO  Log:20 -                                       login                                 
2019-07-03 12:42:41 [main] INFO  Log:22 - ****************************************************************************************
2019-07-03 12:42:41 [main] INFO  Log:24 - ****************************************************************************************
2019-07-03 12:42:47 [main] INFO  Log:35 - Signed in user is: Gtl GTL
2019-07-03 12:45:13 [main] INFO  Log:35 - Starting Automation: Loading the Configuration Properties
2019-07-03 12:45:13 [main] INFO  Log:35 - Config file is loaded
2019-07-03 12:45:24 [main] INFO  Log:35 - navigating to :-http://automationpractice.com
2019-07-03 12:45:32 [main] INFO  Log:16 - ****************************************************************************************
2019-07-03 12:45:32 [main] INFO  Log:18 - ****************************************************************************************
2019-07-03 12:45:32 [main] INFO  Log:20 -                                       login                                 
2019-07-03 12:45:32 [main] INFO  Log:22 - ****************************************************************************************
2019-07-03 12:45:32 [main] INFO  Log:24 - ****************************************************************************************
2019-07-03 12:45:40 [main] INFO  Log:35 - Signed in user is: Gtl GTL
2019-07-03 12:45:48 [main] INFO  Log:35 - Clicked on Tshirts
2019-07-03 15:32:33 [main] INFO  Log:35 - Starting Automation: Loading the Configuration Properties
2019-07-03 15:32:33 [main] INFO  Log:35 - Config file is loaded
2019-07-03 15:32:38 [main] INFO  Log:35 - navigating to :-http://automationpractice.com
2019-07-03 15:32:46 [main] INFO  Log:16 - ****************************************************************************************
2019-07-03 15:32:46 [main] INFO  Log:18 - ****************************************************************************************
2019-07-03 15:32:46 [main] INFO  Log:20 -                                       login                                 
2019-07-03 15:32:46 [main] INFO  Log:22 - ****************************************************************************************
2019-07-03 15:32:46 [main] INFO  Log:24 - ****************************************************************************************
2019-07-03 15:32:52 [main] INFO  Log:35 - Signed in user is: Gtl GTL
2019-07-03 15:33:39 [main] INFO  Log:35 - Starting Automation: Loading the Configuration Properties
2019-07-03 15:33:39 [main] INFO  Log:35 - Config file is loaded
2019-07-03 15:33:43 [main] INFO  Log:35 - navigating to :-http://automationpractice.com
2019-07-03 15:33:51 [main] INFO  Log:16 - ****************************************************************************************
2019-07-03 15:33:51 [main] INFO  Log:18 - ****************************************************************************************
2019-07-03 15:33:51 [main] INFO  Log:20 -                                       login                                 
2019-07-03 15:33:51 [main] INFO  Log:22 - ****************************************************************************************
2019-07-03 15:33:51 [main] INFO  Log:24 - ****************************************************************************************
2019-07-03 15:33:58 [main] INFO  Log:35 - Signed in user is: Gtl GTL
2019-07-03 15:34:06 [main] INFO  Log:35 - Clicked on Tshirts
2019-07-03 15:45:42 [main] INFO  Log:35 - Starting Automation: Loading the Configuration Properties
2019-07-03 15:45:42 [main] INFO  Log:35 - Config file is loaded
2019-07-03 15:45:48 [main] INFO  Log:35 - navigating to :-http://automationpractice.com
2019-07-03 15:45:55 [main] INFO  Log:16 - ****************************************************************************************
2019-07-03 15:45:55 [main] INFO  Log:18 - ****************************************************************************************
2019-07-03 15:45:55 [main] INFO  Log:20 -                                       login                                 
2019-07-03 15:45:55 [main] INFO  Log:22 - ****************************************************************************************
2019-07-03 15:45:55 [main] INFO  Log:24 - ****************************************************************************************
2019-07-03 15:46:01 [main] INFO  Log:35 - Signed in user is: Gtl GTL
2019-07-03 15:46:14 [main] INFO  Log:35 - Starting Automation: Loading the Configuration Properties
2019-07-03 15:46:14 [main] INFO  Log:35 - Config file is loaded
2019-07-03 15:46:19 [main] INFO  Log:35 - navigating to :-http://automationpractice.com
2019-07-03 15:46:29 [main] INFO  Log:16 - ****************************************************************************************
2019-07-03 15:46:29 [main] INFO  Log:18 - ****************************************************************************************
2019-07-03 15:46:29 [main] INFO  Log:20 -                                       login                                 
2019-07-03 15:46:29 [main] INFO  Log:22 - ****************************************************************************************
2019-07-03 15:46:29 [main] INFO  Log:24 - ****************************************************************************************
2019-07-03 15:46:35 [main] INFO  Log:35 - Signed in user is: Gtl GTL
2019-07-03 15:49:45 [main] INFO  Log:35 - Starting Automation: Loading the Configuration Properties
2019-07-03 15:49:45 [main] INFO  Log:35 - Config file is loaded
2019-07-03 15:49:50 [main] INFO  Log:35 - navigating to :-http://automationpractice.com
2019-07-03 15:49:57 [main] INFO  Log:16 - ****************************************************************************************
2019-07-03 15:49:57 [main] INFO  Log:18 - ****************************************************************************************
2019-07-03 15:49:57 [main] INFO  Log:20 -                                       login                                 
2019-07-03 15:49:57 [main] INFO  Log:22 - ****************************************************************************************
2019-07-03 15:49:57 [main] INFO  Log:24 - ****************************************************************************************
2019-07-03 15:50:04 [main] INFO  Log:35 - Signed in user is: Gtl GTL
2019-07-03 15:52:55 [main] INFO  Log:35 - Starting Automation: Loading the Configuration Properties
2019-07-03 15:52:55 [main] INFO  Log:35 - Config file is loaded
2019-07-03 15:53:00 [main] INFO  Log:35 - navigating to :-http://automationpractice.com
2019-07-03 15:53:08 [main] INFO  Log:16 - ****************************************************************************************
2019-07-03 15:53:08 [main] INFO  Log:18 - ****************************************************************************************
2019-07-03 15:53:08 [main] INFO  Log:20 -                                       login                                 
2019-07-03 15:53:08 [main] INFO  Log:22 - ****************************************************************************************
2019-07-03 15:53:08 [main] INFO  Log:24 - ****************************************************************************************
2019-07-03 15:53:14 [main] INFO  Log:35 - Signed in user is: Gtl GTL
2019-07-03 15:55:24 [main] INFO  Log:35 - Starting Automation: Loading the Configuration Properties
2019-07-03 15:55:24 [main] INFO  Log:35 - Config file is loaded
2019-07-03 15:55:28 [main] INFO  Log:35 - navigating to :-http://automationpractice.com
2019-07-03 15:55:36 [main] INFO  Log:16 - ****************************************************************************************
2019-07-03 15:55:36 [main] INFO  Log:18 - ****************************************************************************************
2019-07-03 15:55:36 [main] INFO  Log:20 -                                       login                                 
2019-07-03 15:55:36 [main] INFO  Log:22 - ****************************************************************************************
2019-07-03 15:55:36 [main] INFO  Log:24 - ****************************************************************************************
2019-07-03 15:55:42 [main] INFO  Log:35 - Signed in user is: Gtl GTL
2019-07-03 15:55:49 [main] INFO  Log:35 - Clicked on Tshirts
2019-07-03 15:59:12 [main] INFO  Log:35 - Starting Automation: Loading the Configuration Properties
2019-07-03 15:59:12 [main] INFO  Log:35 - Config file is loaded
2019-07-03 15:59:17 [main] INFO  Log:35 - navigating to :-http://automationpractice.com
2019-07-03 15:59:24 [main] INFO  Log:16 - ****************************************************************************************
2019-07-03 15:59:24 [main] INFO  Log:18 - ****************************************************************************************
2019-07-03 15:59:24 [main] INFO  Log:20 -                                       login                                 
2019-07-03 15:59:24 [main] INFO  Log:22 - ****************************************************************************************
2019-07-03 15:59:24 [main] INFO  Log:24 - ****************************************************************************************
2019-07-03 15:59:30 [main] INFO  Log:35 - Signed in user is: Gtl GTL
2019-07-03 15:59:37 [main] INFO  Log:35 - Clicked on Tshirts
2019-07-03 15:59:44 [main] INFO  Log:35 - Faded Short Sleeve T-shirts is added to cart
2019-07-03 16:01:19 [main] INFO  Log:35 - Starting Automation: Loading the Configuration Properties
2019-07-03 16:01:19 [main] INFO  Log:35 - Config file is loaded
2019-07-03 16:01:24 [main] INFO  Log:35 - navigating to :-http://automationpractice.com
2019-07-03 16:01:31 [main] INFO  Log:16 - ****************************************************************************************
2019-07-03 16:01:31 [main] INFO  Log:18 - ****************************************************************************************
2019-07-03 16:01:31 [main] INFO  Log:20 -                                       login                                 
2019-07-03 16:01:31 [main] INFO  Log:22 - ****************************************************************************************
2019-07-03 16:01:31 [main] INFO  Log:24 - ****************************************************************************************
2019-07-03 16:01:37 [main] INFO  Log:35 - Signed in user is: Gtl GTL
2019-07-03 16:01:44 [main] INFO  Log:35 - Clicked on Tshirts
2019-07-03 16:01:45 [main] INFO  Log:35 - Faded Short Sleeve T-shirts is added to cart
2019-07-03 16:05:44 [main] INFO  Log:35 - Starting Automation: Loading the Configuration Properties
2019-07-03 16:05:44 [main] INFO  Log:35 - Config file is loaded
2019-07-03 16:05:49 [main] INFO  Log:35 - navigating to :-http://automationpractice.com
2019-07-03 16:05:57 [main] INFO  Log:16 - ****************************************************************************************
2019-07-03 16:05:57 [main] INFO  Log:18 - ****************************************************************************************
2019-07-03 16:05:57 [main] INFO  Log:20 -                                       login                                 
2019-07-03 16:05:57 [main] INFO  Log:22 - ****************************************************************************************
2019-07-03 16:05:57 [main] INFO  Log:24 - ****************************************************************************************
2019-07-03 16:06:03 [main] INFO  Log:35 - Signed in user is: Gtl GTL
2019-07-03 16:06:08 [main] INFO  Log:35 - Clicked on Tshirts
2019-07-03 16:06:08 [main] INFO  Log:35 - Faded Short Sleeve T-shirts is added to cart
2019-07-03 16:28:52 [main] INFO  Log:35 - Starting Automation: Loading the Configuration Properties
2019-07-03 16:28:52 [main] INFO  Log:35 - Config file is loaded
2019-07-03 16:28:57 [main] INFO  Log:35 - navigating to :-http://automationpractice.com
2019-07-03 16:29:09 [main] INFO  Log:16 - ****************************************************************************************
2019-07-03 16:29:09 [main] INFO  Log:18 - ****************************************************************************************
2019-07-03 16:29:09 [main] INFO  Log:20 -                                       login                                 
2019-07-03 16:29:09 [main] INFO  Log:22 - ****************************************************************************************
2019-07-03 16:29:09 [main] INFO  Log:24 - ****************************************************************************************
2019-07-03 16:29:16 [main] INFO  Log:35 - Signed in user is: Gtl GTL
2019-07-03 16:29:20 [main] INFO  Log:35 - Clicked on Tshirts
2019-07-03 16:29:21 [main] INFO  Log:35 - Faded Short Sleeve T-shirts is added to cart
2019-07-03 16:46:00 [main] INFO  Log:35 - Starting Automation: Loading the Configuration Properties
2019-07-03 16:46:00 [main] INFO  Log:35 - Config file is loaded
2019-07-03 16:46:05 [main] INFO  Log:35 - navigating to :-http://automationpractice.com
2019-07-03 16:46:12 [main] INFO  Log:16 - ****************************************************************************************
2019-07-03 16:46:12 [main] INFO  Log:18 - ****************************************************************************************
2019-07-03 16:46:12 [main] INFO  Log:20 -                                       login                                 
2019-07-03 16:46:12 [main] INFO  Log:22 - ****************************************************************************************
2019-07-03 16:46:12 [main] INFO  Log:24 - ****************************************************************************************
2019-07-03 16:46:19 [main] INFO  Log:35 - Signed in user is: Gtl GTL
2019-07-03 16:46:23 [main] INFO  Log:35 - Clicked on Tshirts
2019-07-03 16:46:23 [main] INFO  Log:35 - Faded Short Sleeve T-shirts is added to cart
2019-07-03 16:51:46 [main] INFO  Log:35 - Starting Automation: Loading the Configuration Properties
2019-07-03 16:51:46 [main] INFO  Log:35 - Config file is loaded
2019-07-03 16:51:50 [main] INFO  Log:35 - navigating to :-http://automationpractice.com
2019-07-03 16:51:57 [main] INFO  Log:16 - ****************************************************************************************
2019-07-03 16:51:57 [main] INFO  Log:18 - ****************************************************************************************
2019-07-03 16:51:57 [main] INFO  Log:20 -                                       login                                 
2019-07-03 16:51:57 [main] INFO  Log:22 - ****************************************************************************************
2019-07-03 16:51:57 [main] INFO  Log:24 - ****************************************************************************************
2019-07-03 16:52:03 [main] INFO  Log:35 - Signed in user is: Gtl GTL
2019-07-03 16:52:08 [main] INFO  Log:35 - Clicked on Tshirts
2019-07-03 16:52:08 [main] INFO  Log:35 - Faded Short Sleeve T-shirts is added to cart
2019-07-03 16:52:08 [main] INFO  Log:35 - 
2019-07-03 16:53:15 [main] INFO  Log:35 - Starting Automation: Loading the Configuration Properties
2019-07-03 16:53:15 [main] INFO  Log:35 - Config file is loaded
2019-07-03 16:53:21 [main] INFO  Log:35 - navigating to :-http://automationpractice.com
2019-07-03 16:53:28 [main] INFO  Log:16 - ****************************************************************************************
2019-07-03 16:53:28 [main] INFO  Log:18 - ****************************************************************************************
2019-07-03 16:53:28 [main] INFO  Log:20 -                                       login                                 
2019-07-03 16:53:28 [main] INFO  Log:22 - ****************************************************************************************
2019-07-03 16:53:28 [main] INFO  Log:24 - ****************************************************************************************
2019-07-03 16:53:34 [main] INFO  Log:35 - Signed in user is: Gtl GTL
2019-07-03 16:53:38 [main] INFO  Log:35 - Clicked on Tshirts
2019-07-03 16:53:39 [main] INFO  Log:35 - Faded Short Sleeve T-shirts is added to cart
2019-07-03 16:53:39 [main] INFO  Log:35 - 
2019-07-03 16:55:58 [main] INFO  Log:35 - Starting Automation: Loading the Configuration Properties
2019-07-03 16:55:58 [main] INFO  Log:35 - Config file is loaded
2019-07-03 16:56:03 [main] INFO  Log:35 - navigating to :-http://automationpractice.com
2019-07-03 16:56:11 [main] INFO  Log:16 - ****************************************************************************************
2019-07-03 16:56:11 [main] INFO  Log:18 - ****************************************************************************************
2019-07-03 16:56:11 [main] INFO  Log:20 -                                       login                                 
2019-07-03 16:56:11 [main] INFO  Log:22 - ****************************************************************************************
2019-07-03 16:56:11 [main] INFO  Log:24 - ****************************************************************************************
2019-07-03 16:56:17 [main] INFO  Log:35 - Signed in user is: Gtl GTL
2019-07-03 16:56:21 [main] INFO  Log:35 - Clicked on Tshirts
2019-07-03 16:56:22 [main] INFO  Log:35 - Faded Short Sleeve T-shirts is added to cart
2019-07-03 17:21:28 [main] INFO  Log:35 - Starting Automation: Loading the Configuration Properties
2019-07-03 17:21:28 [main] INFO  Log:35 - Config file is loaded
2019-07-03 17:21:34 [main] INFO  Log:35 - navigating to :-http://automationpractice.com
2019-07-03 17:21:41 [main] INFO  Log:16 - ****************************************************************************************
2019-07-03 17:21:41 [main] INFO  Log:18 - ****************************************************************************************
2019-07-03 17:21:41 [main] INFO  Log:20 -                                       login                                 
2019-07-03 17:21:41 [main] INFO  Log:22 - ****************************************************************************************
2019-07-03 17:21:41 [main] INFO  Log:24 - ****************************************************************************************
2019-07-03 17:21:49 [main] INFO  Log:35 - Signed in user is: Gtl GTL
2019-07-03 17:21:54 [main] INFO  Log:35 - Clicked on Tshirts
2019-07-03 17:21:54 [main] INFO  Log:35 - Faded Short Sleeve T-shirts is added to cart
2019-07-03 17:24:30 [main] INFO  Log:35 - Starting Automation: Loading the Configuration Properties
2019-07-03 17:24:30 [main] INFO  Log:35 - Config file is loaded
2019-07-03 17:24:34 [main] INFO  Log:35 - navigating to :-http://automationpractice.com
2019-07-03 17:24:42 [main] INFO  Log:16 - ****************************************************************************************
2019-07-03 17:24:42 [main] INFO  Log:18 - ****************************************************************************************
2019-07-03 17:24:42 [main] INFO  Log:20 -                                       login                                 
2019-07-03 17:24:42 [main] INFO  Log:22 - ****************************************************************************************
2019-07-03 17:24:42 [main] INFO  Log:24 - ****************************************************************************************
2019-07-03 17:24:48 [main] INFO  Log:35 - Signed in user is: Gtl GTL
2019-07-03 17:24:52 [main] INFO  Log:35 - Clicked on Tshirts
2019-07-03 17:24:53 [main] INFO  Log:35 - Faded Short Sleeve T-shirts is added to cart
2019-07-03 17:25:41 [main] INFO  Log:35 - Starting Automation: Loading the Configuration Properties
2019-07-03 17:25:41 [main] INFO  Log:35 - Config file is loaded
2019-07-03 17:25:47 [main] INFO  Log:35 - navigating to :-http://automationpractice.com
2019-07-03 17:25:54 [main] INFO  Log:16 - ****************************************************************************************
2019-07-03 17:25:54 [main] INFO  Log:18 - ****************************************************************************************
2019-07-03 17:25:54 [main] INFO  Log:20 -                                       login                                 
2019-07-03 17:25:54 [main] INFO  Log:22 - ****************************************************************************************
2019-07-03 17:25:54 [main] INFO  Log:24 - ****************************************************************************************
2019-07-03 17:26:01 [main] INFO  Log:35 - Signed in user is: Gtl GTL
2019-07-03 17:26:06 [main] INFO  Log:35 - Clicked on Tshirts
2019-07-03 17:26:07 [main] INFO  Log:35 - Faded Short Sleeve T-shirts is added to cart
2019-07-03 17:26:31 [main] INFO  Log:35 - Starting Automation: Loading the Configuration Properties
2019-07-03 17:26:31 [main] INFO  Log:35 - Config file is loaded
2019-07-03 17:26:36 [main] INFO  Log:35 - navigating to :-http://automationpractice.com
2019-07-03 17:26:43 [main] INFO  Log:16 - ****************************************************************************************
2019-07-03 17:26:43 [main] INFO  Log:18 - ****************************************************************************************
2019-07-03 17:26:43 [main] INFO  Log:20 -                                       login                                 
2019-07-03 17:26:43 [main] INFO  Log:22 - ****************************************************************************************
2019-07-03 17:26:43 [main] INFO  Log:24 - ****************************************************************************************
2019-07-03 17:26:49 [main] INFO  Log:35 - Signed in user is: Gtl GTL
2019-07-03 17:26:54 [main] INFO  Log:35 - Clicked on Tshirts
2019-07-03 17:26:54 [main] INFO  Log:35 - Faded Short Sleeve T-shirts is added to cart
2019-07-03 17:31:09 [main] INFO  Log:35 - Starting Automation: Loading the Configuration Properties
2019-07-03 17:31:09 [main] INFO  Log:35 - Config file is loaded
2019-07-03 17:31:14 [main] INFO  Log:35 - navigating to :-http://automationpractice.com
2019-07-03 17:31:21 [main] INFO  Log:16 - ****************************************************************************************
2019-07-03 17:31:21 [main] INFO  Log:18 - ****************************************************************************************
2019-07-03 17:31:21 [main] INFO  Log:20 -                                       login                                 
2019-07-03 17:31:21 [main] INFO  Log:22 - ****************************************************************************************
2019-07-03 17:31:21 [main] INFO  Log:24 - ****************************************************************************************
2019-07-03 17:31:27 [main] INFO  Log:35 - Signed in user is: Gtl GTL
2019-07-03 17:31:31 [main] INFO  Log:35 - Clicked on Tshirts
2019-07-03 17:31:32 [main] INFO  Log:35 - Faded Short Sleeve T-shirts is added to cart
2019-07-03 17:36:06 [main] INFO  Log:35 - Starting Automation: Loading the Configuration Properties
2019-07-03 17:36:06 [main] INFO  Log:35 - Config file is loaded
2019-07-03 17:36:10 [main] INFO  Log:35 - navigating to :-http://automationpractice.com
2019-07-03 17:36:17 [main] INFO  Log:16 - ****************************************************************************************
2019-07-03 17:36:17 [main] INFO  Log:18 - ****************************************************************************************
2019-07-03 17:36:17 [main] INFO  Log:20 -                                       login                                 
2019-07-03 17:36:17 [main] INFO  Log:22 - ****************************************************************************************
2019-07-03 17:36:17 [main] INFO  Log:24 - ****************************************************************************************
2019-07-03 17:36:23 [main] INFO  Log:35 - Signed in user is: Gtl GTL
2019-07-03 17:36:27 [main] INFO  Log:35 - Clicked on Tshirts
2019-07-03 17:36:28 [main] INFO  Log:35 - Faded Short Sleeve T-shirts is added to cart
2019-07-03 17:42:30 [main] INFO  Log:35 - Starting Automation: Loading the Configuration Properties
2019-07-03 17:42:30 [main] INFO  Log:35 - Config file is loaded
2019-07-03 17:42:35 [main] INFO  Log:35 - navigating to :-http://automationpractice.com
2019-07-03 17:42:42 [main] INFO  Log:16 - ****************************************************************************************
2019-07-03 17:42:42 [main] INFO  Log:18 - ****************************************************************************************
2019-07-03 17:42:42 [main] INFO  Log:20 -                                       login                                 
2019-07-03 17:42:42 [main] INFO  Log:22 - ****************************************************************************************
2019-07-03 17:42:42 [main] INFO  Log:24 - ****************************************************************************************
2019-07-03 17:42:49 [main] INFO  Log:35 - Signed in user is: Gtl GTL
2019-07-03 17:42:53 [main] INFO  Log:35 - Clicked on Tshirts
2019-07-03 17:42:54 [main] INFO  Log:35 - Faded Short Sleeve T-shirts is added to cart
2019-07-03 17:43:51 [main] INFO  Log:35 - Starting Automation: Loading the Configuration Properties
2019-07-03 17:43:51 [main] INFO  Log:35 - Config file is loaded
2019-07-03 17:43:56 [main] INFO  Log:35 - navigating to :-http://automationpractice.com
2019-07-03 17:44:03 [main] INFO  Log:16 - ****************************************************************************************
2019-07-03 17:44:03 [main] INFO  Log:18 - ****************************************************************************************
2019-07-03 17:44:03 [main] INFO  Log:20 -                                       login                                 
2019-07-03 17:44:03 [main] INFO  Log:22 - ****************************************************************************************
2019-07-03 17:44:03 [main] INFO  Log:24 - ****************************************************************************************
2019-07-03 17:44:09 [main] INFO  Log:35 - Signed in user is: Gtl GTL
2019-07-03 17:44:13 [main] INFO  Log:35 - Clicked on Tshirts
2019-07-03 17:44:14 [main] INFO  Log:35 - Faded Short Sleeve T-shirts is added to cart
2019-07-03 17:44:15 [main] INFO  Log:30 - Test is Ending...
2019-07-03 17:45:56 [main] INFO  Log:35 - Starting Automation: Loading the Configuration Properties
2019-07-03 17:45:56 [main] INFO  Log:35 - Config file is loaded
2019-07-03 17:46:01 [main] INFO  Log:35 - navigating to :-http://automationpractice.com
2019-07-03 17:46:08 [main] INFO  Log:16 - ****************************************************************************************
2019-07-03 17:46:08 [main] INFO  Log:18 - ****************************************************************************************
2019-07-03 17:46:08 [main] INFO  Log:20 -                                       login                                 
2019-07-03 17:46:08 [main] INFO  Log:22 - ****************************************************************************************
2019-07-03 17:46:08 [main] INFO  Log:24 - ****************************************************************************************
2019-07-03 17:46:14 [main] INFO  Log:35 - Signed in user is: Gtl GTL
2019-07-03 17:46:18 [main] INFO  Log:35 - Clicked on Tshirts
2019-07-03 17:46:19 [main] INFO  Log:35 - Faded Short Sleeve T-shirts is added to cart
2019-07-03 17:46:20 [main] INFO  Log:30 - Test is Ending...
2019-07-03 17:47:45 [main] INFO  Log:35 - Starting Automation: Loading the Configuration Properties
2019-07-03 17:47:45 [main] INFO  Log:35 - Config file is loaded
2019-07-03 17:47:50 [main] INFO  Log:35 - navigating to :-http://automationpractice.com
2019-07-03 17:47:58 [main] INFO  Log:16 - ****************************************************************************************
2019-07-03 17:47:58 [main] INFO  Log:18 - ****************************************************************************************
2019-07-03 17:47:58 [main] INFO  Log:20 -                                       login                                 
2019-07-03 17:47:58 [main] INFO  Log:22 - ****************************************************************************************
2019-07-03 17:47:58 [main] INFO  Log:24 - ****************************************************************************************
2019-07-03 17:48:05 [main] INFO  Log:35 - Signed in user is: Gtl GTL
2019-07-03 17:48:09 [main] INFO  Log:35 - Clicked on Tshirts
2019-07-03 17:48:10 [main] INFO  Log:35 - Faded Short Sleeve T-shirts is added to cart
2019-07-03 18:06:52 [main] INFO  Log:35 - Starting Automation: Loading the Configuration Properties
2019-07-03 18:06:52 [main] INFO  Log:35 - Config file is loaded
2019-07-03 18:06:56 [main] INFO  Log:35 - navigating to :-http://automationpractice.com
2019-07-03 18:07:04 [main] INFO  Log:16 - ****************************************************************************************
2019-07-03 18:07:04 [main] INFO  Log:18 - ****************************************************************************************
2019-07-03 18:07:04 [main] INFO  Log:20 -                                       login                                 
2019-07-03 18:07:04 [main] INFO  Log:22 - ****************************************************************************************
2019-07-03 18:07:04 [main] INFO  Log:24 - ****************************************************************************************
2019-07-03 18:07:11 [main] INFO  Log:35 - Signed in user is: Gtl GTL
2019-07-03 18:07:22 [main] INFO  Log:35 - Starting Automation: Loading the Configuration Properties
2019-07-03 18:07:22 [main] INFO  Log:35 - Config file is loaded
2019-07-03 18:07:26 [main] INFO  Log:35 - navigating to :-https://www.google.co.in
2019-07-03 18:07:47 [main] INFO  Log:35 - Starting Automation: Loading the Configuration Properties
2019-07-03 18:07:47 [main] INFO  Log:35 - Config file is loaded
2019-07-03 18:07:51 [main] INFO  Log:35 - navigating to :-https://www.google.co.in
2019-07-03 18:11:11 [main] INFO  Log:35 - Starting Automation: Loading the Configuration Properties
2019-07-03 18:11:11 [main] INFO  Log:35 - Config file is loaded
2019-07-03 18:11:16 [main] INFO  Log:35 - navigating to :-https://www.google.co.in
2019-07-03 18:12:22 [main] INFO  Log:35 - Starting Automation: Loading the Configuration Properties
2019-07-03 18:12:22 [main] INFO  Log:35 - Config file is loaded
2019-07-03 18:12:26 [main] INFO  Log:35 - navigating to :-https://www.google.co.in
2019-07-03 18:12:39 [main] INFO  Log:35 - Starting Automation: Loading the Configuration Properties
2019-07-03 18:12:39 [main] INFO  Log:35 - Config file is loaded
2019-07-03 18:12:44 [main] INFO  Log:35 - navigating to :-https://www.google.co.in
2019-07-03 18:14:49 [main] INFO  Log:35 - Starting Automation: Loading the Configuration Properties
2019-07-03 18:14:49 [main] INFO  Log:35 - Config file is loaded
2019-07-03 18:14:54 [main] INFO  Log:35 - navigating to :-https://www.google.co.in
2019-07-03 18:16:49 [main] INFO  Log:35 - Starting Automation: Loading the Configuration Properties
2019-07-03 18:16:49 [main] INFO  Log:35 - Config file is loaded
2019-07-03 18:16:55 [main] INFO  Log:35 - navigating to :-https://www.google.co.in
2019-07-03 18:17:24 [main] INFO  Log:35 - Starting Automation: Loading the Configuration Properties
2019-07-03 18:17:24 [main] INFO  Log:35 - Config file is loaded
2019-07-03 18:17:30 [main] INFO  Log:35 - navigating to :-https://www.google.co.in
2019-07-03 18:18:28 [main] INFO  Log:35 - Starting Automation: Loading the Configuration Properties
2019-07-03 18:18:28 [main] INFO  Log:35 - Config file is loaded
2019-07-03 18:18:33 [main] INFO  Log:35 - navigating to :-https://www.google.co.in
2019-07-03 18:19:11 [main] INFO  Log:35 - Starting Automation: Loading the Configuration Properties
2019-07-03 18:19:11 [main] INFO  Log:35 - Config file is loaded
2019-07-03 18:19:15 [main] INFO  Log:35 - navigating to :-https://www.google.co.in
2019-07-03 18:20:24 [main] INFO  Log:35 - Starting Automation: Loading the Configuration Properties
2019-07-03 18:20:24 [main] INFO  Log:35 - Config file is loaded
2019-07-03 18:20:29 [main] INFO  Log:35 - navigating to :-http://automationpractice.com
2019-07-03 18:20:37 [main] INFO  Log:16 - ****************************************************************************************
2019-07-03 18:20:37 [main] INFO  Log:18 - ****************************************************************************************
2019-07-03 18:20:37 [main] INFO  Log:20 -                                       login                                 
2019-07-03 18:20:37 [main] INFO  Log:22 - ****************************************************************************************
2019-07-03 18:20:37 [main] INFO  Log:24 - ****************************************************************************************
2019-07-03 18:20:46 [main] INFO  Log:35 - Signed in user is: Gtl GTL
2019-07-03 18:20:51 [main] INFO  Log:35 - Clicked on Tshirts
2019-07-03 18:20:51 [main] INFO  Log:35 - Faded Short Sleeve T-shirts is added to cart
2019-07-03 18:21:31 [main] INFO  Log:35 - Starting Automation: Loading the Configuration Properties
2019-07-03 18:21:31 [main] INFO  Log:35 - Config file is loaded
2019-07-03 18:21:37 [main] INFO  Log:35 - navigating to :-http://automationpractice.com
2019-07-03 18:21:44 [main] INFO  Log:16 - ****************************************************************************************
2019-07-03 18:21:44 [main] INFO  Log:18 - ****************************************************************************************
2019-07-03 18:21:44 [main] INFO  Log:20 -                                       login                                 
2019-07-03 18:21:44 [main] INFO  Log:22 - ****************************************************************************************
2019-07-03 18:21:44 [main] INFO  Log:24 - ****************************************************************************************
2019-07-03 18:21:50 [main] INFO  Log:35 - Signed in user is: Gtl GTL
2019-07-03 18:22:01 [main] INFO  Log:35 - Starting Automation: Loading the Configuration Properties
2019-07-03 18:22:01 [main] INFO  Log:35 - Config file is loaded
2019-07-03 18:22:05 [main] INFO  Log:35 - navigating to :-https://www.google.co.in
2019-07-03 18:22:11 [main] INFO  Log:30 - Test is Ending...
2019-07-03 18:24:55 [main] INFO  Log:35 - Starting Automation: Loading the Configuration Properties
2019-07-03 18:24:55 [main] INFO  Log:35 - Config file is loaded
2019-07-03 18:24:59 [main] INFO  Log:35 - navigating to :-http://automationpractice.com
2019-07-03 18:25:06 [main] INFO  Log:16 - ****************************************************************************************
2019-07-03 18:25:06 [main] INFO  Log:18 - ****************************************************************************************
2019-07-03 18:25:06 [main] INFO  Log:20 -                                       login                                 
2019-07-03 18:25:06 [main] INFO  Log:22 - ****************************************************************************************
2019-07-03 18:25:06 [main] INFO  Log:24 - ****************************************************************************************
2019-07-03 18:25:13 [main] INFO  Log:35 - Signed in user is: Gtl GTL
2019-07-03 18:25:23 [main] INFO  Log:35 - Starting Automation: Loading the Configuration Properties
2019-07-03 18:25:23 [main] INFO  Log:35 - Config file is loaded
2019-07-03 18:25:27 [main] INFO  Log:35 - navigating to :-https://www.google.co.in
2019-07-03 18:25:33 [main] INFO  Log:30 - Test is Ending...
2019-07-03 18:26:47 [main] INFO  Log:35 - Starting Automation: Loading the Configuration Properties
2019-07-03 18:26:47 [main] INFO  Log:35 - Config file is loaded
2019-07-03 18:26:51 [main] INFO  Log:35 - navigating to :-http://automationpractice.com
2019-07-03 18:26:58 [main] INFO  Log:16 - ****************************************************************************************
2019-07-03 18:26:58 [main] INFO  Log:18 - ****************************************************************************************
2019-07-03 18:26:58 [main] INFO  Log:20 -                                       login                                 
2019-07-03 18:26:58 [main] INFO  Log:22 - ****************************************************************************************
2019-07-03 18:26:58 [main] INFO  Log:24 - ****************************************************************************************
2019-07-03 18:27:07 [main] INFO  Log:35 - Signed in user is: Gtl GTL
2019-07-03 18:27:23 [main] INFO  Log:35 - Starting Automation: Loading the Configuration Properties
2019-07-03 18:27:23 [main] INFO  Log:35 - Config file is loaded
2019-07-03 18:27:26 [main] INFO  Log:35 - navigating to :-https://www.google.co.in
2019-07-03 18:27:32 [main] INFO  Log:30 - Test is Ending...
2019-07-03 18:28:21 [main] INFO  Log:35 - Starting Automation: Loading the Configuration Properties
2019-07-03 18:28:21 [main] INFO  Log:35 - Config file is loaded
2019-07-03 18:28:26 [main] INFO  Log:35 - navigating to :-http://automationpractice.com
2019-07-03 18:28:33 [main] INFO  Log:16 - ****************************************************************************************
2019-07-03 18:28:33 [main] INFO  Log:18 - ****************************************************************************************
2019-07-03 18:28:33 [main] INFO  Log:20 -                                       login                                 
2019-07-03 18:28:33 [main] INFO  Log:22 - ****************************************************************************************
2019-07-03 18:28:33 [main] INFO  Log:24 - ****************************************************************************************
2019-07-03 18:28:39 [main] INFO  Log:35 - Signed in user is: Gtl GTL
2019-07-03 18:28:51 [main] INFO  Log:35 - Starting Automation: Loading the Configuration Properties
2019-07-03 18:28:51 [main] INFO  Log:35 - Config file is loaded
2019-07-03 18:28:55 [main] INFO  Log:35 - navigating to :-https://www.google.co.in
2019-07-03 18:29:02 [main] INFO  Log:30 - Test is Ending...
2019-07-03 18:29:27 [main] INFO  Log:35 - Starting Automation: Loading the Configuration Properties
2019-07-03 18:29:27 [main] INFO  Log:35 - Config file is loaded
2019-07-03 18:29:31 [main] INFO  Log:35 - navigating to :-http://automationpractice.com
2019-07-03 18:29:38 [main] INFO  Log:16 - ****************************************************************************************
2019-07-03 18:29:38 [main] INFO  Log:18 - ****************************************************************************************
2019-07-03 18:29:38 [main] INFO  Log:20 -                                       login                                 
2019-07-03 18:29:38 [main] INFO  Log:22 - ****************************************************************************************
2019-07-03 18:29:38 [main] INFO  Log:24 - ****************************************************************************************
2019-07-03 18:29:45 [main] INFO  Log:35 - Signed in user is: Gtl GTL
2019-07-03 18:29:57 [main] INFO  Log:35 - Starting Automation: Loading the Configuration Properties
2019-07-03 18:29:57 [main] INFO  Log:35 - Config file is loaded
2019-07-03 18:30:01 [main] INFO  Log:35 - navigating to :-https://www.google.co.in
2019-07-03 18:30:42 [main] INFO  Log:35 - Starting Automation: Loading the Configuration Properties
2019-07-03 18:30:42 [main] INFO  Log:35 - Config file is loaded
2019-07-03 18:30:47 [main] INFO  Log:35 - navigating to :-http://automationpractice.com
2019-07-03 18:30:53 [main] INFO  Log:16 - ****************************************************************************************
2019-07-03 18:30:53 [main] INFO  Log:18 - ****************************************************************************************
2019-07-03 18:30:53 [main] INFO  Log:20 -                                       login                                 
2019-07-03 18:30:53 [main] INFO  Log:22 - ****************************************************************************************
2019-07-03 18:30:53 [main] INFO  Log:24 - ****************************************************************************************
2019-07-03 18:31:00 [main] INFO  Log:35 - Signed in user is: Gtl GTL
2019-07-03 18:31:08 [main] INFO  Log:35 - Clicked on Tshirts
2019-07-03 18:31:09 [main] INFO  Log:35 - Faded Short Sleeve T-shirts is added to cart
2019-07-03 18:31:10 [main] INFO  Log:35 - Starting Automation: Loading the Configuration Properties
2019-07-03 18:31:10 [main] INFO  Log:35 - Config file is loaded
2019-07-03 18:31:13 [main] INFO  Log:35 - navigating to :-https://www.google.co.in
2019-07-03 18:31:20 [main] INFO  Log:30 - Test is Ending...
2019-07-03 18:32:04 [main] INFO  Log:35 - Starting Automation: Loading the Configuration Properties
2019-07-03 18:32:04 [main] INFO  Log:35 - Config file is loaded
2019-07-03 18:32:08 [main] INFO  Log:35 - navigating to :-http://automationpractice.com
2019-07-03 18:32:15 [main] INFO  Log:16 - ****************************************************************************************
2019-07-03 18:32:15 [main] INFO  Log:18 - ****************************************************************************************
2019-07-03 18:32:15 [main] INFO  Log:20 -                                       login                                 
2019-07-03 18:32:15 [main] INFO  Log:22 - ****************************************************************************************
2019-07-03 18:32:15 [main] INFO  Log:24 - ****************************************************************************************
2019-07-03 18:32:22 [main] INFO  Log:35 - Signed in user is: Gtl GTL
2019-07-03 18:32:29 [main] INFO  Log:35 - Clicked on Tshirts
2019-07-03 18:32:30 [main] INFO  Log:35 - Faded Short Sleeve T-shirts is added to cart
2019-07-03 18:32:31 [main] INFO  Log:35 - Starting Automation: Loading the Configuration Properties
2019-07-03 18:32:31 [main] INFO  Log:35 - Config file is loaded
2019-07-03 18:32:35 [main] INFO  Log:35 - navigating to :-https://www.google.co.in
2019-07-03 18:32:41 [main] INFO  Log:30 - Test is Ending...
2019-07-03 18:34:50 [main] INFO  Log:35 - Starting Automation: Loading the Configuration Properties
2019-07-03 18:34:50 [main] INFO  Log:35 - Config file is loaded
2019-07-03 18:34:54 [main] INFO  Log:35 - navigating to :-http://automationpractice.com
2019-07-03 18:35:04 [main] INFO  Log:16 - ****************************************************************************************
2019-07-03 18:35:04 [main] INFO  Log:18 - ****************************************************************************************
2019-07-03 18:35:04 [main] INFO  Log:20 -                                       login                                 
2019-07-03 18:35:04 [main] INFO  Log:22 - ****************************************************************************************
2019-07-03 18:35:04 [main] INFO  Log:24 - ****************************************************************************************
2019-07-03 18:35:12 [main] INFO  Log:35 - Signed in user is: Gtl GTL
2019-07-03 18:35:12 [main] INFO  Log:35 - Starting Automation: Loading the Configuration Properties
2019-07-03 18:35:12 [main] INFO  Log:35 - Config file is loaded
2019-07-03 18:35:16 [main] INFO  Log:35 - navigating to :-https://www.google.co.in
2019-07-03 18:35:22 [main] INFO  Log:30 - Test is Ending...
2019-07-03 18:36:36 [main] INFO  Log:35 - Starting Automation: Loading the Configuration Properties
2019-07-03 18:36:36 [main] INFO  Log:35 - Config file is loaded
2019-07-03 18:36:41 [main] INFO  Log:35 - navigating to :-http://automationpractice.com
2019-07-03 18:36:48 [main] INFO  Log:16 - ****************************************************************************************
2019-07-03 18:36:48 [main] INFO  Log:18 - ****************************************************************************************
2019-07-03 18:36:48 [main] INFO  Log:20 -                                       login                                 
2019-07-03 18:36:48 [main] INFO  Log:22 - ****************************************************************************************
2019-07-03 18:36:48 [main] INFO  Log:24 - ****************************************************************************************
2019-07-03 18:36:54 [main] INFO  Log:35 - Signed in user is: Gtl GTL
2019-07-03 18:37:05 [main] INFO  Log:30 - Test is Ending...
2019-07-03 18:37:06 [main] INFO  Log:35 - Starting Automation: Loading the Configuration Properties
2019-07-03 18:37:06 [main] INFO  Log:35 - Config file is loaded
2019-07-03 18:37:10 [main] INFO  Log:35 - navigating to :-https://www.google.co.in
2019-07-03 18:37:16 [main] INFO  Log:30 - Test is Ending...
2019-07-03 18:37:57 [main] INFO  Log:35 - Starting Automation: Loading the Configuration Properties
2019-07-03 18:37:57 [main] INFO  Log:35 - Config file is loaded
2019-07-03 18:38:01 [main] INFO  Log:35 - navigating to :-http://automationpractice.com
2019-07-03 18:38:08 [main] INFO  Log:16 - ****************************************************************************************
2019-07-03 18:38:08 [main] INFO  Log:18 - ****************************************************************************************
2019-07-03 18:38:08 [main] INFO  Log:20 -                                       login                                 
2019-07-03 18:38:08 [main] INFO  Log:22 - ****************************************************************************************
2019-07-03 18:38:08 [main] INFO  Log:24 - ****************************************************************************************
2019-07-03 18:38:15 [main] INFO  Log:35 - Signed in user is: Gtl GTL
2019-07-03 18:38:19 [main] INFO  Log:35 - Clicked on Tshirts
2019-07-03 18:38:20 [main] INFO  Log:35 - Faded Short Sleeve T-shirts is added to cart
2019-07-03 18:38:21 [main] INFO  Log:30 - Test is Ending...
2019-07-03 18:38:23 [main] INFO  Log:35 - Starting Automation: Loading the Configuration Properties
2019-07-03 18:38:23 [main] INFO  Log:35 - Config file is loaded
2019-07-03 18:38:27 [main] INFO  Log:35 - navigating to :-https://www.google.co.in
2019-07-03 18:38:32 [main] INFO  Log:30 - Test is Ending...
2019-07-03 18:40:10 [main] INFO  Log:35 - Starting Automation: Loading the Configuration Properties
2019-07-03 18:40:10 [main] INFO  Log:35 - Config file is loaded
2019-07-03 18:40:15 [main] INFO  Log:35 - navigating to :-http://automationpractice.com
2019-07-03 18:40:22 [main] INFO  Log:16 - ****************************************************************************************
2019-07-03 18:40:22 [main] INFO  Log:18 - ****************************************************************************************
2019-07-03 18:40:22 [main] INFO  Log:20 -                                       login                                 
2019-07-03 18:40:22 [main] INFO  Log:22 - ****************************************************************************************
2019-07-03 18:40:22 [main] INFO  Log:24 - ****************************************************************************************
2019-07-03 18:40:29 [main] INFO  Log:35 - Signed in user is: Gtl GTL
2019-07-03 18:40:40 [main] INFO  Log:30 - Test is Ending...
2019-07-03 18:40:42 [main] INFO  Log:35 - Starting Automation: Loading the Configuration Properties
2019-07-03 18:40:42 [main] INFO  Log:35 - Config file is loaded
2019-07-03 18:42:22 [main] INFO  Log:35 - Starting Automation: Loading the Configuration Properties
2019-07-03 18:42:22 [main] INFO  Log:35 - Config file is loaded
2019-07-03 18:42:26 [main] INFO  Log:35 - navigating to :-http://automationpractice.com
2019-07-03 18:42:34 [main] INFO  Log:16 - ****************************************************************************************
2019-07-03 18:42:34 [main] INFO  Log:18 - ****************************************************************************************
2019-07-03 18:42:34 [main] INFO  Log:20 -                                       login                                 
2019-07-03 18:42:34 [main] INFO  Log:22 - ****************************************************************************************
2019-07-03 18:42:34 [main] INFO  Log:24 - ****************************************************************************************
2019-07-03 18:42:40 [main] INFO  Log:35 - Signed in user is: Gtl GTL
2019-07-03 18:42:47 [main] INFO  Log:30 - Test is Ending...
2019-07-03 18:42:47 [main] INFO  Log:35 - Starting Automation: Loading the Configuration Properties
2019-07-03 18:42:47 [main] INFO  Log:35 - Config file is loaded
2019-07-03 18:44:18 [main] INFO  Log:35 - Starting Automation: Loading the Configuration Properties
2019-07-03 18:44:18 [main] INFO  Log:35 - Config file is loaded
2019-07-03 18:44:22 [main] INFO  Log:35 - navigating to :-http://automationpractice.com
2019-07-03 18:44:30 [main] INFO  Log:16 - ****************************************************************************************
2019-07-03 18:44:30 [main] INFO  Log:18 - ****************************************************************************************
2019-07-03 18:44:30 [main] INFO  Log:20 -                                       login                                 
2019-07-03 18:44:30 [main] INFO  Log:22 - ****************************************************************************************
2019-07-03 18:44:30 [main] INFO  Log:24 - ****************************************************************************************
2019-07-03 18:44:36 [main] INFO  Log:35 - Signed in user is: Gtl GTL
2019-07-03 18:44:41 [main] INFO  Log:35 - Clicked on Tshirts
2019-07-03 18:44:43 [main] INFO  Log:30 - Test is Ending...
2019-07-03 18:44:43 [main] INFO  Log:35 - Starting Automation: Loading the Configuration Properties
2019-07-03 18:44:43 [main] INFO  Log:35 - Config file is loaded
2019-07-03 18:44:46 [main] INFO  Log:35 - navigating to :-https://www.google.co.in
2019-07-03 18:45:05 [main] INFO  Log:35 - Starting Automation: Loading the Configuration Properties
2019-07-03 18:45:05 [main] INFO  Log:35 - Config file is loaded
2019-07-03 18:45:11 [main] INFO  Log:35 - navigating to :-http://automationpractice.com
2019-07-03 18:45:18 [main] INFO  Log:16 - ****************************************************************************************
2019-07-03 18:45:18 [main] INFO  Log:18 - ****************************************************************************************
2019-07-03 18:45:18 [main] INFO  Log:20 -                                       login                                 
2019-07-03 18:45:18 [main] INFO  Log:22 - ****************************************************************************************
2019-07-03 18:45:18 [main] INFO  Log:24 - ****************************************************************************************
2019-07-03 18:45:26 [main] INFO  Log:35 - Signed in user is: Gtl GTL
2019-07-03 18:45:31 [main] INFO  Log:35 - Clicked on Tshirts
2019-07-03 18:45:31 [main] INFO  Log:35 - Faded Short Sleeve T-shirts is added to cart
2019-07-03 18:45:33 [main] INFO  Log:30 - Test is Ending...
2019-07-03 18:45:34 [main] INFO  Log:35 - Starting Automation: Loading the Configuration Properties
2019-07-03 18:45:34 [main] INFO  Log:35 - Config file is loaded
2019-07-03 18:45:38 [main] INFO  Log:35 - navigating to :-https://www.google.co.in
2019-07-03 18:45:44 [main] INFO  Log:30 - Test is Ending...
